[2025-02-26T14:52:05.635+0000] {taskinstance.py:1957} INFO - Dependencies all met for dep_context=non-requeueable deps ti=<TaskInstance: load_bronze_accounts_deleted.bronze_accounts_deleted_trigger scheduled__2025-02-25T00:00:00+00:00 [queued]>
[2025-02-26T14:52:05.639+0000] {taskinstance.py:1957} INFO - Dependencies all met for dep_context=requeueable deps ti=<TaskInstance: load_bronze_accounts_deleted.bronze_accounts_deleted_trigger scheduled__2025-02-25T00:00:00+00:00 [queued]>
[2025-02-26T14:52:05.639+0000] {taskinstance.py:2171} INFO - Starting attempt 3 of 4
[2025-02-26T14:52:05.648+0000] {taskinstance.py:2192} INFO - Executing <Task(SimpleHttpOperator): bronze_accounts_deleted_trigger> on 2025-02-25 00:00:00+00:00
[2025-02-26T14:52:05.650+0000] {standard_task_runner.py:60} INFO - Started process 110 to run task
[2025-02-26T14:52:05.653+0000] {standard_task_runner.py:87} INFO - Running: ['***', 'tasks', 'run', 'load_bronze_accounts_deleted', 'bronze_accounts_deleted_trigger', 'scheduled__2025-02-25T00:00:00+00:00', '--job-id', '34', '--raw', '--subdir', 'DAGS_FOLDER/dynamic_api_trigger.py', '--cfg-path', '/tmp/tmpn6xn0sw8']
[2025-02-26T14:52:05.653+0000] {standard_task_runner.py:88} INFO - Job 34: Subtask bronze_accounts_deleted_trigger
[2025-02-26T14:52:05.679+0000] {task_command.py:423} INFO - Running <TaskInstance: load_bronze_accounts_deleted.bronze_accounts_deleted_trigger scheduled__2025-02-25T00:00:00+00:00 [running]> on host 6746a23eb18f
[2025-02-26T14:52:05.716+0000] {taskinstance.py:2481} INFO - Exporting env vars: AIRFLOW_CTX_DAG_OWNER='***' AIRFLOW_CTX_DAG_ID='load_bronze_accounts_deleted' AIRFLOW_CTX_TASK_ID='bronze_accounts_deleted_trigger' AIRFLOW_CTX_EXECUTION_DATE='2025-02-25T00:00:00+00:00' AIRFLOW_CTX_TRY_NUMBER='3' AIRFLOW_CTX_DAG_RUN_ID='scheduled__2025-02-25T00:00:00+00:00'
[2025-02-26T14:52:05.716+0000] {http.py:169} INFO - Calling HTTP method
[2025-02-26T14:52:05.717+0000] {connection.py:473} ERROR - Unable to retrieve connection from secrets backend (EnvironmentVariablesBackend). Checking subsequent secrets backend.
Traceback (most recent call last):
  File "/home/airflow/.local/lib/python3.8/site-packages/airflow/models/connection.py", line 468, in get_connection_from_secrets
    conn = secrets_backend.get_connection(conn_id=conn_id)
  File "/home/airflow/.local/lib/python3.8/site-packages/airflow/secrets/base_secrets.py", line 96, in get_connection
    value = self.get_conn_value(conn_id=conn_id)
  File "/home/airflow/.local/lib/python3.8/site-packages/airflow/secrets/environment_variables.py", line 51, in get_conn_value
    return os.environ.get(CONN_ENV_PREFIX + conn_id.upper())
AttributeError: 'NoneType' object has no attribute 'upper'
[2025-02-26T14:52:05.725+0000] {taskinstance.py:2699} ERROR - Task failed with exception
Traceback (most recent call last):
  File "/home/airflow/.local/lib/python3.8/site-packages/airflow/models/taskinstance.py", line 433, in _execute_task
    result = execute_callable(context=context, **execute_callable_kwargs)
  File "/home/airflow/.local/lib/python3.8/site-packages/airflow/providers/http/operators/http.py", line 166, in execute
    return self.execute_sync(context=context)
  File "/home/airflow/.local/lib/python3.8/site-packages/airflow/providers/http/operators/http.py", line 170, in execute_sync
    response = self.hook.run(self.endpoint, self.data, self.headers, self.extra_options)
  File "/home/airflow/.local/lib/python3.8/site-packages/airflow/providers/http/operators/http.py", line 148, in hook
    conn = BaseHook.get_connection(conn_id)
  File "/home/airflow/.local/lib/python3.8/site-packages/airflow/hooks/base.py", line 82, in get_connection
    conn = Connection.get_connection_from_secrets(conn_id)
  File "/home/airflow/.local/lib/python3.8/site-packages/airflow/models/connection.py", line 479, in get_connection_from_secrets
    raise AirflowNotFoundException(f"The conn_id `{conn_id}` isn't defined")
airflow.exceptions.AirflowNotFoundException: The conn_id `None` isn't defined
[2025-02-26T14:52:05.727+0000] {taskinstance.py:1138} INFO - Marking task as UP_FOR_RETRY. dag_id=load_bronze_accounts_deleted, task_id=bronze_accounts_deleted_trigger, execution_date=20250225T000000, start_date=20250226T145205, end_date=20250226T145205
[2025-02-26T14:52:05.734+0000] {standard_task_runner.py:107} ERROR - Failed to execute job 34 for task bronze_accounts_deleted_trigger (The conn_id `None` isn't defined; 110)
[2025-02-26T14:52:05.754+0000] {local_task_job_runner.py:234} INFO - Task exited with return code 1
[2025-02-26T14:52:05.763+0000] {taskinstance.py:3281} INFO - 0 downstream tasks scheduled from follow-on schedule check
