[2025-02-25T18:42:47.092+0000] {manager.py:469} INFO - Processing files using up to 2 processes at a time
[2025-02-25T18:42:47.092+0000] {manager.py:470} INFO - Process each file at most once every 30 seconds
[2025-02-25T18:42:47.092+0000] {manager.py:471} INFO - Checking for new files in /opt/airflow/dags every 300 seconds
[2025-02-25T18:42:47.092+0000] {manager.py:738} INFO - Searching for files in /opt/airflow/dags
[2025-02-25T18:42:47.093+0000] {manager.py:741} INFO - There are 0 files in /opt/airflow/dags
[2025-02-25T18:47:47.702+0000] {manager.py:738} INFO - Searching for files in /opt/airflow/dags
[2025-02-25T18:47:47.706+0000] {manager.py:741} INFO - There are 0 files in /opt/airflow/dags
[2025-02-25T18:52:48.134+0000] {manager.py:738} INFO - Searching for files in /opt/airflow/dags
[2025-02-25T18:52:48.139+0000] {manager.py:741} INFO - There are 1 files in /opt/airflow/dags
[2025-02-25T18:52:52.786+0000] {manager.py:451} INFO - Exiting gracefully upon receiving signal 15
[2025-02-25T18:53:07.657+0000] {manager.py:469} INFO - Processing files using up to 2 processes at a time
[2025-02-25T18:53:07.658+0000] {manager.py:470} INFO - Process each file at most once every 30 seconds
[2025-02-25T18:53:07.658+0000] {manager.py:471} INFO - Checking for new files in /opt/airflow/dags every 300 seconds
[2025-02-25T18:53:07.658+0000] {manager.py:738} INFO - Searching for files in /opt/airflow/dags
[2025-02-25T18:53:07.659+0000] {manager.py:741} INFO - There are 1 files in /opt/airflow/dags
[2025-02-25T18:53:07.686+0000] {manager.py:879} INFO -
================================================================================
DAG File Processing Stats

File Path                                   PID  Runtime      # DAGs    # Errors  Last Runtime    Last Run
----------------------------------------  -----  ---------  --------  ----------  --------------  ----------
/opt/airflow/dags/dynamic_api_trigger.py     66  0.02s             0           0
================================================================================
[2025-02-25T18:53:38.059+0000] {manager.py:879} INFO -
================================================================================
DAG File Processing Stats

File Path                                   PID  Runtime      # DAGs    # Errors  Last Runtime    Last Run
----------------------------------------  -----  ---------  --------  ----------  --------------  -------------------
/opt/airflow/dags/dynamic_api_trigger.py     73  0.02s             0           1  0.02s           2025-02-25T18:53:07
================================================================================
[2025-02-25T18:54:08.363+0000] {manager.py:879} INFO -
================================================================================
DAG File Processing Stats

File Path                                   PID  Runtime      # DAGs    # Errors  Last Runtime    Last Run
----------------------------------------  -----  ---------  --------  ----------  --------------  -------------------
/opt/airflow/dags/dynamic_api_trigger.py     80  0.01s             0           1  0.05s           2025-02-25T18:53:38
================================================================================
[2025-02-25T18:54:12.900+0000] {manager.py:451} INFO - Exiting gracefully upon receiving signal 15
[2025-02-25T18:55:38.860+0000] {manager.py:469} INFO - Processing files using up to 2 processes at a time
[2025-02-25T18:55:38.861+0000] {manager.py:470} INFO - Process each file at most once every 30 seconds
[2025-02-25T18:55:38.861+0000] {manager.py:471} INFO - Checking for new files in /opt/airflow/dags every 300 seconds
[2025-02-25T18:55:38.861+0000] {manager.py:738} INFO - Searching for files in /opt/airflow/dags
[2025-02-25T18:55:38.864+0000] {manager.py:741} INFO - There are 1 files in /opt/airflow/dags
[2025-02-25T18:55:38.904+0000] {manager.py:879} INFO -
================================================================================
DAG File Processing Stats

File Path                                   PID  Runtime      # DAGs    # Errors  Last Runtime    Last Run
----------------------------------------  -----  ---------  --------  ----------  --------------  ----------
/opt/airflow/dags/dynamic_api_trigger.py     73  0.02s             0           0
================================================================================
[2025-02-25T18:56:09.160+0000] {manager.py:879} INFO -
================================================================================
DAG File Processing Stats

File Path                                   PID  Runtime      # DAGs    # Errors  Last Runtime    Last Run
----------------------------------------  -----  ---------  --------  ----------  --------------  -------------------
/opt/airflow/dags/dynamic_api_trigger.py     80  0.00s             0           1  0.03s           2025-02-25T18:55:38
================================================================================
[2025-02-25T18:56:39.405+0000] {manager.py:879} INFO -
================================================================================
DAG File Processing Stats

File Path                                   PID  Runtime      # DAGs    # Errors  Last Runtime    Last Run
----------------------------------------  -----  ---------  --------  ----------  --------------  -------------------
/opt/airflow/dags/dynamic_api_trigger.py    112  0.00s             0           1  0.03s           2025-02-25T18:56:09
================================================================================
[2025-02-25T18:56:55.656+0000] {manager.py:451} INFO - Exiting gracefully upon receiving signal 15
[2025-02-25T18:57:11.169+0000] {manager.py:469} INFO - Processing files using up to 2 processes at a time
[2025-02-25T18:57:11.170+0000] {manager.py:470} INFO - Process each file at most once every 30 seconds
[2025-02-25T18:57:11.170+0000] {manager.py:471} INFO - Checking for new files in /opt/airflow/dags every 300 seconds
[2025-02-25T18:57:11.170+0000] {manager.py:738} INFO - Searching for files in /opt/airflow/dags
[2025-02-25T18:57:11.172+0000] {manager.py:741} INFO - There are 1 files in /opt/airflow/dags
[2025-02-25T18:57:11.307+0000] {manager.py:879} INFO -
================================================================================
DAG File Processing Stats

File Path                                   PID  Runtime      # DAGs    # Errors  Last Runtime    Last Run
----------------------------------------  -----  ---------  --------  ----------  --------------  ----------
/opt/airflow/dags/dynamic_api_trigger.py     66  0.12s             0           0
================================================================================
[2025-02-25T18:57:41.544+0000] {manager.py:879} INFO -
================================================================================
DAG File Processing Stats

File Path                                   PID  Runtime      # DAGs    # Errors  Last Runtime    Last Run
----------------------------------------  -----  ---------  --------  ----------  --------------  -------------------
/opt/airflow/dags/dynamic_api_trigger.py     73  0.02s             0           1  0.14s           2025-02-25T18:57:11
================================================================================
[2025-02-25T18:58:11.914+0000] {manager.py:879} INFO -
================================================================================
DAG File Processing Stats

File Path                                   PID  Runtime      # DAGs    # Errors  Last Runtime    Last Run
----------------------------------------  -----  ---------  --------  ----------  --------------  -------------------
/opt/airflow/dags/dynamic_api_trigger.py     80  0.01s             0           1  0.07s           2025-02-25T18:57:41
================================================================================
[2025-02-25T18:58:42.261+0000] {manager.py:879} INFO -
================================================================================
DAG File Processing Stats

File Path                                   PID  Runtime      # DAGs    # Errors  Last Runtime    Last Run
----------------------------------------  -----  ---------  --------  ----------  --------------  -------------------
/opt/airflow/dags/dynamic_api_trigger.py     93  0.01s             0           1  0.05s           2025-02-25T18:58:11
================================================================================
[2025-02-25T18:59:12.578+0000] {manager.py:879} INFO -
================================================================================
DAG File Processing Stats

File Path                                   PID  Runtime      # DAGs    # Errors  Last Runtime    Last Run
----------------------------------------  -----  ---------  --------  ----------  --------------  -------------------
/opt/airflow/dags/dynamic_api_trigger.py    100  0.01s             0           1  0.04s           2025-02-25T18:58:42
================================================================================
[2025-02-25T18:59:42.929+0000] {manager.py:879} INFO -
================================================================================
DAG File Processing Stats

File Path                                   PID  Runtime      # DAGs    # Errors  Last Runtime    Last Run
----------------------------------------  -----  ---------  --------  ----------  --------------  -------------------
/opt/airflow/dags/dynamic_api_trigger.py    107  0.01s             0           1  0.04s           2025-02-25T18:59:12
================================================================================
[2025-02-25T19:00:13.271+0000] {manager.py:879} INFO -
================================================================================
DAG File Processing Stats

File Path                                   PID  Runtime      # DAGs    # Errors  Last Runtime    Last Run
----------------------------------------  -----  ---------  --------  ----------  --------------  -------------------
/opt/airflow/dags/dynamic_api_trigger.py    114  0.01s             0           1  0.06s           2025-02-25T18:59:42
================================================================================
[2025-02-25T19:00:43.634+0000] {manager.py:879} INFO -
================================================================================
DAG File Processing Stats

File Path                                   PID  Runtime      # DAGs    # Errors  Last Runtime    Last Run
----------------------------------------  -----  ---------  --------  ----------  --------------  -------------------
/opt/airflow/dags/dynamic_api_trigger.py    121  0.02s             0           1  0.06s           2025-02-25T19:00:13
================================================================================
[2025-02-25T19:01:14.066+0000] {manager.py:879} INFO -
================================================================================
DAG File Processing Stats

File Path                                   PID  Runtime      # DAGs    # Errors  Last Runtime    Last Run
----------------------------------------  -----  ---------  --------  ----------  --------------  -------------------
/opt/airflow/dags/dynamic_api_trigger.py    128  0.01s             0           1  0.12s           2025-02-25T19:00:43
================================================================================
[2025-02-25T19:01:44.415+0000] {manager.py:879} INFO -
================================================================================
DAG File Processing Stats

File Path                                   PID  Runtime      # DAGs    # Errors  Last Runtime    Last Run
----------------------------------------  -----  ---------  --------  ----------  --------------  -------------------
/opt/airflow/dags/dynamic_api_trigger.py    135  0.00s             0           1  0.11s           2025-02-25T19:01:14
================================================================================
[2025-02-25T19:02:11.749+0000] {manager.py:738} INFO - Searching for files in /opt/airflow/dags
[2025-02-25T19:02:11.756+0000] {manager.py:741} INFO - There are 1 files in /opt/airflow/dags
[2025-02-25T19:02:14.834+0000] {manager.py:879} INFO -
================================================================================
DAG File Processing Stats

File Path                                   PID  Runtime      # DAGs    # Errors  Last Runtime    Last Run
----------------------------------------  -----  ---------  --------  ----------  --------------  -------------------
/opt/airflow/dags/dynamic_api_trigger.py    142  0.01s             0           1  0.08s           2025-02-25T19:01:44
================================================================================
[2025-02-25T19:02:45.244+0000] {manager.py:879} INFO -
================================================================================
DAG File Processing Stats

File Path                                   PID  Runtime      # DAGs    # Errors  Last Runtime    Last Run
----------------------------------------  -----  ---------  --------  ----------  --------------  -------------------
/opt/airflow/dags/dynamic_api_trigger.py    149  0.01s             0           1  0.10s           2025-02-25T19:02:14
================================================================================
[2025-02-25T19:02:48.799+0000] {manager.py:451} INFO - Exiting gracefully upon receiving signal 15
[2025-02-25T19:03:04.625+0000] {manager.py:469} INFO - Processing files using up to 2 processes at a time
[2025-02-25T19:03:04.625+0000] {manager.py:470} INFO - Process each file at most once every 30 seconds
[2025-02-25T19:03:04.625+0000] {manager.py:471} INFO - Checking for new files in /opt/airflow/dags every 300 seconds
[2025-02-25T19:03:04.626+0000] {manager.py:738} INFO - Searching for files in /opt/airflow/dags
[2025-02-25T19:03:04.630+0000] {manager.py:741} INFO - There are 1 files in /opt/airflow/dags
[2025-02-25T19:03:04.670+0000] {manager.py:879} INFO -
================================================================================
DAG File Processing Stats

File Path                                   PID  Runtime      # DAGs    # Errors  Last Runtime    Last Run
----------------------------------------  -----  ---------  --------  ----------  --------------  ----------
/opt/airflow/dags/dynamic_api_trigger.py     66  0.01s             0           0
================================================================================
[2025-02-25T19:03:34.994+0000] {manager.py:879} INFO -
================================================================================
DAG File Processing Stats

File Path                                   PID  Runtime      # DAGs    # Errors  Last Runtime    Last Run
----------------------------------------  -----  ---------  --------  ----------  --------------  -------------------
/opt/airflow/dags/dynamic_api_trigger.py     79  0.01s             0           1  0.20s           2025-02-25T19:03:04
================================================================================
[2025-02-25T19:04:05.416+0000] {manager.py:879} INFO -
================================================================================
DAG File Processing Stats

File Path                                   PID  Runtime      # DAGs    # Errors  Last Runtime    Last Run
----------------------------------------  -----  ---------  --------  ----------  --------------  -------------------
/opt/airflow/dags/dynamic_api_trigger.py     86  0.01s             0           1  0.19s           2025-02-25T19:03:35
================================================================================
[2025-02-25T19:04:35.732+0000] {manager.py:879} INFO -
================================================================================
DAG File Processing Stats

File Path                                   PID  Runtime      # DAGs    # Errors  Last Runtime    Last Run
----------------------------------------  -----  ---------  --------  ----------  --------------  -------------------
/opt/airflow/dags/dynamic_api_trigger.py     93  0.01s             0           1  0.17s           2025-02-25T19:04:05
================================================================================
[2025-02-25T19:05:06.316+0000] {manager.py:879} INFO -
================================================================================
DAG File Processing Stats

File Path                                   PID  Runtime      # DAGs    # Errors  Last Runtime    Last Run
----------------------------------------  -----  ---------  --------  ----------  --------------  -------------------
/opt/airflow/dags/dynamic_api_trigger.py    100  0.01s             0           1  0.21s           2025-02-25T19:04:35
================================================================================
[2025-02-25T19:05:36.666+0000] {manager.py:879} INFO -
================================================================================
DAG File Processing Stats

File Path                                   PID  Runtime      # DAGs    # Errors  Last Runtime    Last Run
----------------------------------------  -----  ---------  --------  ----------  --------------  -------------------
/opt/airflow/dags/dynamic_api_trigger.py    107  0.01s             0           1  0.10s           2025-02-25T19:05:06
================================================================================
[2025-02-25T19:06:07.011+0000] {manager.py:879} INFO -
================================================================================
DAG File Processing Stats

File Path                                   PID  Runtime      # DAGs    # Errors  Last Runtime    Last Run
----------------------------------------  -----  ---------  --------  ----------  --------------  -------------------
/opt/airflow/dags/dynamic_api_trigger.py    114  0.01s             0           1  0.11s           2025-02-25T19:05:36
================================================================================
[2025-02-25T19:06:37.346+0000] {manager.py:879} INFO -
================================================================================
DAG File Processing Stats

File Path                                   PID  Runtime      # DAGs    # Errors  Last Runtime    Last Run
----------------------------------------  -----  ---------  --------  ----------  --------------  -------------------
/opt/airflow/dags/dynamic_api_trigger.py    121  0.01s             0           1  0.10s           2025-02-25T19:06:07
================================================================================
[2025-02-25T19:07:07.746+0000] {manager.py:879} INFO -
================================================================================
DAG File Processing Stats

File Path                                   PID  Runtime      # DAGs    # Errors  Last Runtime    Last Run
----------------------------------------  -----  ---------  --------  ----------  --------------  -------------------
/opt/airflow/dags/dynamic_api_trigger.py    128  0.01s             0           1  0.11s           2025-02-25T19:06:37
================================================================================
[2025-02-25T19:07:29.029+0000] {manager.py:451} INFO - Exiting gracefully upon receiving signal 15
[2025-02-25T19:07:44.943+0000] {manager.py:469} INFO - Processing files using up to 2 processes at a time
[2025-02-25T19:07:44.943+0000] {manager.py:470} INFO - Process each file at most once every 30 seconds
[2025-02-25T19:07:44.943+0000] {manager.py:471} INFO - Checking for new files in /opt/airflow/dags every 300 seconds
[2025-02-25T19:07:44.943+0000] {manager.py:738} INFO - Searching for files in /opt/airflow/dags
[2025-02-25T19:07:44.945+0000] {manager.py:741} INFO - There are 1 files in /opt/airflow/dags
[2025-02-25T19:07:44.969+0000] {manager.py:879} INFO -
================================================================================
DAG File Processing Stats

File Path                                   PID  Runtime      # DAGs    # Errors  Last Runtime    Last Run
----------------------------------------  -----  ---------  --------  ----------  --------------  ----------
/opt/airflow/dags/dynamic_api_trigger.py     66  0.01s             0           0
================================================================================
[2025-02-25T19:08:15.308+0000] {manager.py:879} INFO -
================================================================================
DAG File Processing Stats

File Path                                   PID  Runtime      # DAGs    # Errors  Last Runtime    Last Run
----------------------------------------  -----  ---------  --------  ----------  --------------  -------------------
/opt/airflow/dags/dynamic_api_trigger.py     78  0.01s             0           1  0.21s           2025-02-25T19:07:45
================================================================================
[2025-02-25T19:08:45.752+0000] {manager.py:879} INFO -
================================================================================
DAG File Processing Stats

File Path                                   PID  Runtime      # DAGs    # Errors  Last Runtime    Last Run
----------------------------------------  -----  ---------  --------  ----------  --------------  -------------------
/opt/airflow/dags/dynamic_api_trigger.py     85  0.01s             0           1  0.20s           2025-02-25T19:08:15
================================================================================
[2025-02-25T19:09:16.085+0000] {manager.py:879} INFO -
================================================================================
DAG File Processing Stats

File Path                                   PID  Runtime      # DAGs    # Errors  Last Runtime    Last Run
----------------------------------------  -----  ---------  --------  ----------  --------------  -------------------
/opt/airflow/dags/dynamic_api_trigger.py     92  0.01s             0           1  0.18s           2025-02-25T19:08:45
================================================================================
[2025-02-25T19:09:46.718+0000] {manager.py:879} INFO -
================================================================================
DAG File Processing Stats

File Path                                   PID  Runtime      # DAGs    # Errors  Last Runtime    Last Run
----------------------------------------  -----  ---------  --------  ----------  --------------  -------------------
/opt/airflow/dags/dynamic_api_trigger.py     99  0.01s             0           1  0.20s           2025-02-25T19:09:16
================================================================================
[2025-02-25T19:10:17.122+0000] {manager.py:879} INFO -
================================================================================
DAG File Processing Stats

File Path                                   PID  Runtime      # DAGs    # Errors  Last Runtime    Last Run
----------------------------------------  -----  ---------  --------  ----------  --------------  -------------------
/opt/airflow/dags/dynamic_api_trigger.py    106  0.01s             0           1  0.10s           2025-02-25T19:09:46
================================================================================
[2025-02-25T19:10:47.506+0000] {manager.py:879} INFO -
================================================================================
DAG File Processing Stats

File Path                                   PID  Runtime      # DAGs    # Errors  Last Runtime    Last Run
----------------------------------------  -----  ---------  --------  ----------  --------------  -------------------
/opt/airflow/dags/dynamic_api_trigger.py    113  0.01s             0           1  0.10s           2025-02-25T19:10:17
================================================================================
[2025-02-25T19:11:17.908+0000] {manager.py:879} INFO -
================================================================================
DAG File Processing Stats

File Path                                   PID  Runtime      # DAGs    # Errors  Last Runtime    Last Run
----------------------------------------  -----  ---------  --------  ----------  --------------  -------------------
/opt/airflow/dags/dynamic_api_trigger.py    120  0.02s             0           1  0.10s           2025-02-25T19:10:47
================================================================================
[2025-02-25T19:11:48.294+0000] {manager.py:879} INFO -
================================================================================
DAG File Processing Stats

File Path                                   PID  Runtime      # DAGs    # Errors  Last Runtime    Last Run
----------------------------------------  -----  ---------  --------  ----------  --------------  -------------------
/opt/airflow/dags/dynamic_api_trigger.py    127  0.01s             0           1  0.11s           2025-02-25T19:11:18
================================================================================
[2025-02-25T19:12:18.670+0000] {manager.py:879} INFO -
================================================================================
DAG File Processing Stats

File Path                                   PID  Runtime      # DAGs    # Errors  Last Runtime    Last Run
----------------------------------------  -----  ---------  --------  ----------  --------------  -------------------
/opt/airflow/dags/dynamic_api_trigger.py    134  0.01s             0           1  0.09s           2025-02-25T19:11:48
================================================================================
[2025-02-25T19:12:44.992+0000] {manager.py:738} INFO - Searching for files in /opt/airflow/dags
[2025-02-25T19:12:44.993+0000] {manager.py:741} INFO - There are 1 files in /opt/airflow/dags
[2025-02-25T19:12:49.058+0000] {manager.py:879} INFO -
================================================================================
DAG File Processing Stats

File Path                                   PID  Runtime      # DAGs    # Errors  Last Runtime    Last Run
----------------------------------------  -----  ---------  --------  ----------  --------------  -------------------
/opt/airflow/dags/dynamic_api_trigger.py    141  0.01s             0           1  0.10s           2025-02-25T19:12:18
================================================================================
[2025-02-25T19:13:19.523+0000] {manager.py:879} INFO -
================================================================================
DAG File Processing Stats

File Path                                   PID  Runtime      # DAGs    # Errors  Last Runtime    Last Run
----------------------------------------  -----  ---------  --------  ----------  --------------  -------------------
/opt/airflow/dags/dynamic_api_trigger.py    148  0.01s             0           1  0.11s           2025-02-25T19:12:49
================================================================================
[2025-02-25T19:13:49.964+0000] {manager.py:879} INFO -
================================================================================
DAG File Processing Stats

File Path                                   PID  Runtime      # DAGs    # Errors  Last Runtime    Last Run
----------------------------------------  -----  ---------  --------  ----------  --------------  -------------------
/opt/airflow/dags/dynamic_api_trigger.py    155  0.01s             0           1  0.11s           2025-02-25T19:13:19
================================================================================
[2025-02-25T19:14:20.439+0000] {manager.py:879} INFO -
================================================================================
DAG File Processing Stats

File Path                                   PID  Runtime      # DAGs    # Errors  Last Runtime    Last Run
----------------------------------------  -----  ---------  --------  ----------  --------------  -------------------
/opt/airflow/dags/dynamic_api_trigger.py    162  0.02s             0           1  0.11s           2025-02-25T19:13:50
================================================================================
[2025-02-25T19:14:50.911+0000] {manager.py:879} INFO -
================================================================================
DAG File Processing Stats

File Path                                   PID  Runtime      # DAGs    # Errors  Last Runtime    Last Run
----------------------------------------  -----  ---------  --------  ----------  --------------  -------------------
/opt/airflow/dags/dynamic_api_trigger.py    169  0.01s             0           1  0.11s           2025-02-25T19:14:20
================================================================================
[2025-02-25T19:15:21.306+0000] {manager.py:879} INFO -
================================================================================
DAG File Processing Stats

File Path                                   PID  Runtime      # DAGs    # Errors  Last Runtime    Last Run
----------------------------------------  -----  ---------  --------  ----------  --------------  -------------------
/opt/airflow/dags/dynamic_api_trigger.py    176  0.00s             0           1  0.11s           2025-02-25T19:14:51
================================================================================
[2025-02-25T19:15:51.726+0000] {manager.py:879} INFO -
================================================================================
DAG File Processing Stats

File Path                                   PID  Runtime      # DAGs    # Errors  Last Runtime    Last Run
----------------------------------------  -----  ---------  --------  ----------  --------------  -------------------
/opt/airflow/dags/dynamic_api_trigger.py    182  0.00s             0           1  0.07s           2025-02-25T19:15:21
================================================================================
[2025-02-25T19:16:22.187+0000] {manager.py:879} INFO -
================================================================================
DAG File Processing Stats

File Path                                   PID  Runtime      # DAGs    # Errors  Last Runtime    Last Run
----------------------------------------  -----  ---------  --------  ----------  --------------  -------------------
/opt/airflow/dags/dynamic_api_trigger.py    189  0.02s             0           1  0.07s           2025-02-25T19:15:51
================================================================================
[2025-02-25T19:16:52.641+0000] {manager.py:879} INFO -
================================================================================
DAG File Processing Stats

File Path                                   PID  Runtime      # DAGs    # Errors  Last Runtime    Last Run
----------------------------------------  -----  ---------  --------  ----------  --------------  -------------------
/opt/airflow/dags/dynamic_api_trigger.py    196  0.01s             0           1  0.11s           2025-02-25T19:16:22
================================================================================
[2025-02-25T19:17:23.094+0000] {manager.py:879} INFO -
================================================================================
DAG File Processing Stats

File Path                                   PID  Runtime      # DAGs    # Errors  Last Runtime    Last Run
----------------------------------------  -----  ---------  --------  ----------  --------------  -------------------
/opt/airflow/dags/dynamic_api_trigger.py    203  0.01s             0           1  0.11s           2025-02-25T19:16:52
================================================================================
[2025-02-25T19:17:45.432+0000] {manager.py:738} INFO - Searching for files in /opt/airflow/dags
[2025-02-25T19:17:45.438+0000] {manager.py:741} INFO - There are 1 files in /opt/airflow/dags
[2025-02-25T19:17:53.605+0000] {manager.py:879} INFO -
================================================================================
DAG File Processing Stats

File Path                                   PID  Runtime      # DAGs    # Errors  Last Runtime    Last Run
----------------------------------------  -----  ---------  --------  ----------  --------------  -------------------
/opt/airflow/dags/dynamic_api_trigger.py    210  0.01s             0           1  0.12s           2025-02-25T19:17:23
================================================================================
[2025-02-25T19:18:24.130+0000] {manager.py:879} INFO -
================================================================================
DAG File Processing Stats

File Path                                   PID  Runtime      # DAGs    # Errors  Last Runtime    Last Run
----------------------------------------  -----  ---------  --------  ----------  --------------  -------------------
/opt/airflow/dags/dynamic_api_trigger.py    217  0.01s             0           1  0.10s           2025-02-25T19:17:53
================================================================================
[2025-02-25T19:18:54.550+0000] {manager.py:879} INFO -
================================================================================
DAG File Processing Stats

File Path                                   PID  Runtime      # DAGs    # Errors  Last Runtime    Last Run
----------------------------------------  -----  ---------  --------  ----------  --------------  -------------------
/opt/airflow/dags/dynamic_api_trigger.py    224  0.01s             0           1  0.11s           2025-02-25T19:18:24
================================================================================
[2025-02-25T19:19:25.026+0000] {manager.py:879} INFO -
================================================================================
DAG File Processing Stats

File Path                                   PID  Runtime      # DAGs    # Errors  Last Runtime    Last Run
----------------------------------------  -----  ---------  --------  ----------  --------------  -------------------
/opt/airflow/dags/dynamic_api_trigger.py    231  0.01s             0           1  0.11s           2025-02-25T19:18:54
================================================================================
[2025-02-25T19:19:55.523+0000] {manager.py:879} INFO -
================================================================================
DAG File Processing Stats

File Path                                   PID  Runtime      # DAGs    # Errors  Last Runtime    Last Run
----------------------------------------  -----  ---------  --------  ----------  --------------  -------------------
/opt/airflow/dags/dynamic_api_trigger.py    238  0.01s             0           1  0.11s           2025-02-25T19:19:25
================================================================================
[2025-02-25T19:20:26.073+0000] {manager.py:879} INFO -
================================================================================
DAG File Processing Stats

File Path                                   PID  Runtime      # DAGs    # Errors  Last Runtime    Last Run
----------------------------------------  -----  ---------  --------  ----------  --------------  -------------------
/opt/airflow/dags/dynamic_api_trigger.py    245  0.02s             0           1  0.11s           2025-02-25T19:19:55
================================================================================
[2025-02-25T19:20:56.528+0000] {manager.py:879} INFO -
================================================================================
DAG File Processing Stats

File Path                                   PID  Runtime      # DAGs    # Errors  Last Runtime    Last Run
----------------------------------------  -----  ---------  --------  ----------  --------------  -------------------
/opt/airflow/dags/dynamic_api_trigger.py    252  0.01s             0           1  0.11s           2025-02-25T19:20:26
================================================================================
[2025-02-25T19:21:26.987+0000] {manager.py:879} INFO -
================================================================================
DAG File Processing Stats

File Path                                   PID  Runtime      # DAGs    # Errors  Last Runtime    Last Run
----------------------------------------  -----  ---------  --------  ----------  --------------  -------------------
/opt/airflow/dags/dynamic_api_trigger.py    259  0.02s             0           1  0.11s           2025-02-25T19:20:56
================================================================================
[2025-02-25T19:21:57.383+0000] {manager.py:879} INFO -
================================================================================
DAG File Processing Stats

File Path                                   PID  Runtime      # DAGs    # Errors  Last Runtime    Last Run
----------------------------------------  -----  ---------  --------  ----------  --------------  -------------------
/opt/airflow/dags/dynamic_api_trigger.py    266  0.01s             0           1  0.11s           2025-02-25T19:21:27
================================================================================
[2025-02-25T19:22:27.843+0000] {manager.py:879} INFO -
================================================================================
DAG File Processing Stats

File Path                                   PID  Runtime      # DAGs    # Errors  Last Runtime    Last Run
----------------------------------------  -----  ---------  --------  ----------  --------------  -------------------
/opt/airflow/dags/dynamic_api_trigger.py    273  0.02s             0           1  0.09s           2025-02-25T19:21:57
================================================================================
[2025-02-25T19:22:46.150+0000] {manager.py:738} INFO - Searching for files in /opt/airflow/dags
[2025-02-25T19:22:46.157+0000] {manager.py:741} INFO - There are 1 files in /opt/airflow/dags
[2025-02-25T19:22:58.361+0000] {manager.py:879} INFO -
================================================================================
DAG File Processing Stats

File Path                                   PID  Runtime      # DAGs    # Errors  Last Runtime    Last Run
----------------------------------------  -----  ---------  --------  ----------  --------------  -------------------
/opt/airflow/dags/dynamic_api_trigger.py    280  0.01s             0           1  0.11s           2025-02-25T19:22:27
================================================================================
[2025-02-25T19:23:28.876+0000] {manager.py:879} INFO -
================================================================================
DAG File Processing Stats

File Path                                   PID  Runtime      # DAGs    # Errors  Last Runtime    Last Run
----------------------------------------  -----  ---------  --------  ----------  --------------  -------------------
/opt/airflow/dags/dynamic_api_trigger.py    287  0.01s             0           1  0.11s           2025-02-25T19:22:58
================================================================================
[2025-02-25T19:23:59.425+0000] {manager.py:879} INFO -
================================================================================
DAG File Processing Stats

File Path                                   PID  Runtime      # DAGs    # Errors  Last Runtime    Last Run
----------------------------------------  -----  ---------  --------  ----------  --------------  -------------------
/opt/airflow/dags/dynamic_api_trigger.py    294  0.01s             0           1  0.11s           2025-02-25T19:23:28
================================================================================
[2025-02-25T19:24:29.878+0000] {manager.py:879} INFO -
================================================================================
DAG File Processing Stats

File Path                                   PID  Runtime      # DAGs    # Errors  Last Runtime    Last Run
----------------------------------------  -----  ---------  --------  ----------  --------------  -------------------
/opt/airflow/dags/dynamic_api_trigger.py    301  0.02s             0           1  0.11s           2025-02-25T19:23:59
================================================================================
[2025-02-25T19:25:00.282+0000] {manager.py:879} INFO -
================================================================================
DAG File Processing Stats

File Path                                   PID  Runtime      # DAGs    # Errors  Last Runtime    Last Run
----------------------------------------  -----  ---------  --------  ----------  --------------  -------------------
/opt/airflow/dags/dynamic_api_trigger.py    308  0.01s             0           1  0.11s           2025-02-25T19:24:29
================================================================================
[2025-02-25T19:25:30.932+0000] {manager.py:879} INFO -
================================================================================
DAG File Processing Stats

File Path                                   PID  Runtime      # DAGs    # Errors  Last Runtime    Last Run
----------------------------------------  -----  ---------  --------  ----------  --------------  -------------------
/opt/airflow/dags/dynamic_api_trigger.py    315  0.00s             0           1  0.08s           2025-02-25T19:25:00
================================================================================
[2025-02-25T19:26:01.504+0000] {manager.py:879} INFO -
================================================================================
DAG File Processing Stats

File Path                                   PID  Runtime      # DAGs    # Errors  Last Runtime    Last Run
----------------------------------------  -----  ---------  --------  ----------  --------------  -------------------
/opt/airflow/dags/dynamic_api_trigger.py    322  0.02s             0           1  0.08s           2025-02-25T19:25:31
================================================================================
[2025-02-25T19:26:32.014+0000] {manager.py:879} INFO -
================================================================================
DAG File Processing Stats

File Path                                   PID  Runtime      # DAGs    # Errors  Last Runtime    Last Run
----------------------------------------  -----  ---------  --------  ----------  --------------  -------------------
/opt/airflow/dags/dynamic_api_trigger.py    329  0.02s             0           1  0.12s           2025-02-25T19:26:01
================================================================================
[2025-02-25T19:27:02.480+0000] {manager.py:879} INFO -
================================================================================
DAG File Processing Stats

File Path                                   PID  Runtime      # DAGs    # Errors  Last Runtime    Last Run
----------------------------------------  -----  ---------  --------  ----------  --------------  -------------------
/opt/airflow/dags/dynamic_api_trigger.py    336  0.01s             0           1  0.10s           2025-02-25T19:26:32
================================================================================
[2025-02-25T19:27:33.035+0000] {manager.py:879} INFO -
================================================================================
DAG File Processing Stats

File Path                                   PID  Runtime      # DAGs    # Errors  Last Runtime    Last Run
----------------------------------------  -----  ---------  --------  ----------  --------------  -------------------
/opt/airflow/dags/dynamic_api_trigger.py    343  0.02s             0           1  0.10s           2025-02-25T19:27:02
================================================================================
[2025-02-25T19:27:46.413+0000] {manager.py:738} INFO - Searching for files in /opt/airflow/dags
[2025-02-25T19:27:46.418+0000] {manager.py:741} INFO - There are 1 files in /opt/airflow/dags
[2025-02-25T19:28:03.681+0000] {manager.py:879} INFO -
================================================================================
DAG File Processing Stats

File Path                                   PID  Runtime      # DAGs    # Errors  Last Runtime    Last Run
----------------------------------------  -----  ---------  --------  ----------  --------------  -------------------
/opt/airflow/dags/dynamic_api_trigger.py    350  0.01s             0           1  0.11s           2025-02-25T19:27:33
================================================================================
[2025-02-25T19:28:34.175+0000] {manager.py:879} INFO -
================================================================================
DAG File Processing Stats

File Path                                   PID  Runtime      # DAGs    # Errors  Last Runtime    Last Run
----------------------------------------  -----  ---------  --------  ----------  --------------  -------------------
/opt/airflow/dags/dynamic_api_trigger.py    357  0.00s             0           1  0.11s           2025-02-25T19:28:03
================================================================================
[2025-02-25T19:29:04.899+0000] {manager.py:879} INFO -
================================================================================
DAG File Processing Stats

File Path                                   PID  Runtime      # DAGs    # Errors  Last Runtime    Last Run
----------------------------------------  -----  ---------  --------  ----------  --------------  -------------------
/opt/airflow/dags/dynamic_api_trigger.py    364  0.00s             0           1  0.08s           2025-02-25T19:28:34
================================================================================
[2025-02-25T19:29:35.409+0000] {manager.py:879} INFO -
================================================================================
DAG File Processing Stats

File Path                                   PID  Runtime      # DAGs    # Errors  Last Runtime    Last Run
----------------------------------------  -----  ---------  --------  ----------  --------------  -------------------
/opt/airflow/dags/dynamic_api_trigger.py    371  0.00s             0           1  0.07s           2025-02-25T19:29:04
================================================================================
[2025-02-25T19:30:05.829+0000] {manager.py:879} INFO -
================================================================================
DAG File Processing Stats

File Path                                   PID  Runtime      # DAGs    # Errors  Last Runtime    Last Run
----------------------------------------  -----  ---------  --------  ----------  --------------  -------------------
/opt/airflow/dags/dynamic_api_trigger.py    378  0.02s             0           1  0.13s           2025-02-25T19:29:35
================================================================================
[2025-02-25T19:30:36.334+0000] {manager.py:879} INFO -
================================================================================
DAG File Processing Stats

File Path                                   PID  Runtime      # DAGs    # Errors  Last Runtime    Last Run
----------------------------------------  -----  ---------  --------  ----------  --------------  -------------------
/opt/airflow/dags/dynamic_api_trigger.py    385  0.02s             0           1  0.11s           2025-02-25T19:30:05
================================================================================
[2025-02-25T19:31:06.813+0000] {manager.py:879} INFO -
================================================================================
DAG File Processing Stats

File Path                                   PID  Runtime      # DAGs    # Errors  Last Runtime    Last Run
----------------------------------------  -----  ---------  --------  ----------  --------------  -------------------
/opt/airflow/dags/dynamic_api_trigger.py    392  0.02s             0           1  0.11s           2025-02-25T19:30:36
================================================================================
[2025-02-25T19:31:37.183+0000] {manager.py:879} INFO -
================================================================================
DAG File Processing Stats

File Path                                   PID  Runtime      # DAGs    # Errors  Last Runtime    Last Run
----------------------------------------  -----  ---------  --------  ----------  --------------  -------------------
/opt/airflow/dags/dynamic_api_trigger.py    399  0.01s             0           1  0.10s           2025-02-25T19:31:06
================================================================================
[2025-02-25T19:32:07.812+0000] {manager.py:879} INFO -
================================================================================
DAG File Processing Stats

File Path                                   PID  Runtime      # DAGs    # Errors  Last Runtime    Last Run
----------------------------------------  -----  ---------  --------  ----------  --------------  -------------------
/opt/airflow/dags/dynamic_api_trigger.py    406  0.02s             0           1  0.10s           2025-02-25T19:31:37
================================================================================
[2025-02-25T19:32:38.259+0000] {manager.py:879} INFO -
================================================================================
DAG File Processing Stats

File Path                                   PID  Runtime      # DAGs    # Errors  Last Runtime    Last Run
----------------------------------------  -----  ---------  --------  ----------  --------------  -------------------
/opt/airflow/dags/dynamic_api_trigger.py    414  0.02s             0           1  0.11s           2025-02-25T19:32:07
================================================================================
[2025-02-25T19:32:46.423+0000] {manager.py:738} INFO - Searching for files in /opt/airflow/dags
[2025-02-25T19:32:46.427+0000] {manager.py:741} INFO - There are 1 files in /opt/airflow/dags
[2025-02-25T19:33:08.686+0000] {manager.py:879} INFO -
================================================================================
DAG File Processing Stats

File Path                                   PID  Runtime      # DAGs    # Errors  Last Runtime    Last Run
----------------------------------------  -----  ---------  --------  ----------  --------------  -------------------
/opt/airflow/dags/dynamic_api_trigger.py    421  0.02s             0           1  0.11s           2025-02-25T19:32:38
================================================================================
[2025-02-25T19:33:39.349+0000] {manager.py:879} INFO -
================================================================================
DAG File Processing Stats

File Path                                   PID  Runtime      # DAGs    # Errors  Last Runtime    Last Run
----------------------------------------  -----  ---------  --------  ----------  --------------  -------------------
/opt/airflow/dags/dynamic_api_trigger.py    428  0.02s             0           1  0.11s           2025-02-25T19:33:08
================================================================================
[2025-02-25T19:34:09.893+0000] {manager.py:879} INFO -
================================================================================
DAG File Processing Stats

File Path                                   PID  Runtime      # DAGs    # Errors  Last Runtime    Last Run
----------------------------------------  -----  ---------  --------  ----------  --------------  -------------------
/opt/airflow/dags/dynamic_api_trigger.py    435  0.01s             0           1  0.11s           2025-02-25T19:33:39
================================================================================
[2025-02-25T19:34:40.331+0000] {manager.py:879} INFO -
================================================================================
DAG File Processing Stats

File Path                                   PID  Runtime      # DAGs    # Errors  Last Runtime    Last Run
----------------------------------------  -----  ---------  --------  ----------  --------------  -------------------
/opt/airflow/dags/dynamic_api_trigger.py    442  0.01s             0           1  0.10s           2025-02-25T19:34:09
================================================================================
[2025-02-25T19:35:10.772+0000] {manager.py:879} INFO -
================================================================================
DAG File Processing Stats

File Path                                   PID  Runtime      # DAGs    # Errors  Last Runtime    Last Run
----------------------------------------  -----  ---------  --------  ----------  --------------  -------------------
/opt/airflow/dags/dynamic_api_trigger.py    449  0.01s             0           1  0.11s           2025-02-25T19:34:40
================================================================================
[2025-02-25T19:35:41.219+0000] {manager.py:879} INFO -
================================================================================
DAG File Processing Stats

File Path                                   PID  Runtime      # DAGs    # Errors  Last Runtime    Last Run
----------------------------------------  -----  ---------  --------  ----------  --------------  -------------------
/opt/airflow/dags/dynamic_api_trigger.py    456  0.01s             0           1  0.11s           2025-02-25T19:35:10
================================================================================
[2025-02-25T19:36:11.844+0000] {manager.py:879} INFO -
================================================================================
DAG File Processing Stats

File Path                                   PID  Runtime      # DAGs    # Errors  Last Runtime    Last Run
----------------------------------------  -----  ---------  --------  ----------  --------------  -------------------
/opt/airflow/dags/dynamic_api_trigger.py    463  0.02s             0           1  0.12s           2025-02-25T19:35:41
================================================================================
[2025-02-25T19:36:42.566+0000] {manager.py:879} INFO -
================================================================================
DAG File Processing Stats

File Path                                   PID  Runtime      # DAGs    # Errors  Last Runtime    Last Run
----------------------------------------  -----  ---------  --------  ----------  --------------  -------------------
/opt/airflow/dags/dynamic_api_trigger.py    470  0.01s             0           1  0.11s           2025-02-25T19:36:11
================================================================================
[2025-02-25T19:37:12.973+0000] {manager.py:879} INFO -
================================================================================
DAG File Processing Stats

File Path                                   PID  Runtime      # DAGs    # Errors  Last Runtime    Last Run
----------------------------------------  -----  ---------  --------  ----------  --------------  -------------------
/opt/airflow/dags/dynamic_api_trigger.py    477  0.01s             0           1  0.11s           2025-02-25T19:36:42
================================================================================
[2025-02-25T19:37:43.383+0000] {manager.py:879} INFO -
================================================================================
DAG File Processing Stats

File Path                                   PID  Runtime      # DAGs    # Errors  Last Runtime    Last Run
----------------------------------------  -----  ---------  --------  ----------  --------------  -------------------
/opt/airflow/dags/dynamic_api_trigger.py    484  0.00s             0           1  0.11s           2025-02-25T19:37:13
================================================================================
[2025-02-25T19:37:47.429+0000] {manager.py:738} INFO - Searching for files in /opt/airflow/dags
[2025-02-25T19:37:47.434+0000] {manager.py:741} INFO - There are 1 files in /opt/airflow/dags
[2025-02-25T19:37:58.960+0000] {manager.py:451} INFO - Exiting gracefully upon receiving signal 15
[2025-02-25T19:38:14.807+0000] {manager.py:469} INFO - Processing files using up to 2 processes at a time
[2025-02-25T19:38:14.807+0000] {manager.py:470} INFO - Process each file at most once every 30 seconds
[2025-02-25T19:38:14.807+0000] {manager.py:471} INFO - Checking for new files in /opt/airflow/dags every 300 seconds
[2025-02-25T19:38:14.807+0000] {manager.py:738} INFO - Searching for files in /opt/airflow/dags
[2025-02-25T19:38:14.808+0000] {manager.py:741} INFO - There are 1 files in /opt/airflow/dags
[2025-02-25T19:38:14.831+0000] {manager.py:879} INFO -
================================================================================
DAG File Processing Stats

File Path                                   PID  Runtime      # DAGs    # Errors  Last Runtime    Last Run
----------------------------------------  -----  ---------  --------  ----------  --------------  ----------
/opt/airflow/dags/dynamic_api_trigger.py     66  0.01s             0           0
================================================================================
[2025-02-25T19:38:45.196+0000] {manager.py:879} INFO -
================================================================================
DAG File Processing Stats

File Path                                   PID  Runtime      # DAGs    # Errors  Last Runtime    Last Run
----------------------------------------  -----  ---------  --------  ----------  --------------  -------------------
/opt/airflow/dags/dynamic_api_trigger.py     79  0.01s             0           1  0.18s           2025-02-25T19:38:15
================================================================================
[2025-02-25T19:39:15.639+0000] {manager.py:879} INFO -
================================================================================
DAG File Processing Stats

File Path                                   PID  Runtime      # DAGs    # Errors  Last Runtime    Last Run
----------------------------------------  -----  ---------  --------  ----------  --------------  -------------------
/opt/airflow/dags/dynamic_api_trigger.py     86  0.01s             0           1  0.18s           2025-02-25T19:38:45
================================================================================
[2025-02-25T19:39:46.009+0000] {manager.py:879} INFO -
================================================================================
DAG File Processing Stats

File Path                                   PID  Runtime      # DAGs    # Errors  Last Runtime    Last Run
----------------------------------------  -----  ---------  --------  ----------  --------------  -------------------
/opt/airflow/dags/dynamic_api_trigger.py     93  0.00s             0           1  0.17s           2025-02-25T19:39:15
================================================================================
[2025-02-25T19:40:16.637+0000] {manager.py:879} INFO -
================================================================================
DAG File Processing Stats

File Path                                   PID  Runtime      # DAGs    # Errors  Last Runtime    Last Run
----------------------------------------  -----  ---------  --------  ----------  --------------  -------------------
/opt/airflow/dags/dynamic_api_trigger.py    100  0.01s             0           1  0.19s           2025-02-25T19:39:46
================================================================================
[2025-02-25T19:40:47.117+0000] {manager.py:879} INFO -
================================================================================
DAG File Processing Stats

File Path                                   PID  Runtime      # DAGs    # Errors  Last Runtime    Last Run
----------------------------------------  -----  ---------  --------  ----------  --------------  -------------------
/opt/airflow/dags/dynamic_api_trigger.py    107  0.02s             0           1  0.11s           2025-02-25T19:40:16
================================================================================
[2025-02-25T19:41:17.513+0000] {manager.py:879} INFO -
================================================================================
DAG File Processing Stats

File Path                                   PID  Runtime      # DAGs    # Errors  Last Runtime    Last Run
----------------------------------------  -----  ---------  --------  ----------  --------------  -------------------
/opt/airflow/dags/dynamic_api_trigger.py    114  0.00s             0           1  0.12s           2025-02-25T19:40:47
================================================================================
[2025-02-25T19:41:48.684+0000] {manager.py:879} INFO -
================================================================================
DAG File Processing Stats

File Path                                   PID  Runtime      # DAGs    # Errors  Last Runtime    Last Run
----------------------------------------  -----  ---------  --------  ----------  --------------  -------------------
/opt/airflow/dags/dynamic_api_trigger.py    121  0.00s             0           1  0.04s           2025-02-25T19:41:17
================================================================================
[2025-02-25T19:41:48.734+0000] {manager.py:451} INFO - Exiting gracefully upon receiving signal 15
[2025-02-25T19:41:48.734+0000] {manager.py:451} INFO - Exiting gracefully upon receiving signal 15
[2025-02-25T19:41:48.912+0000] {manager.py:451} INFO - Exiting gracefully upon receiving signal 15
[2025-02-25T19:42:04.648+0000] {manager.py:469} INFO - Processing files using up to 2 processes at a time
[2025-02-25T19:42:04.650+0000] {manager.py:470} INFO - Process each file at most once every 30 seconds
[2025-02-25T19:42:04.650+0000] {manager.py:471} INFO - Checking for new files in /opt/airflow/dags every 300 seconds
[2025-02-25T19:42:04.650+0000] {manager.py:738} INFO - Searching for files in /opt/airflow/dags
[2025-02-25T19:42:04.652+0000] {manager.py:741} INFO - There are 1 files in /opt/airflow/dags
[2025-02-25T19:42:04.674+0000] {manager.py:879} INFO -
================================================================================
DAG File Processing Stats

File Path                                   PID  Runtime      # DAGs    # Errors  Last Runtime    Last Run
----------------------------------------  -----  ---------  --------  ----------  --------------  ----------
/opt/airflow/dags/dynamic_api_trigger.py     72  0.01s             0           0
================================================================================
[2025-02-25T19:42:34.998+0000] {manager.py:879} INFO -
================================================================================
DAG File Processing Stats

File Path                                   PID  Runtime      # DAGs    # Errors  Last Runtime    Last Run
----------------------------------------  -----  ---------  --------  ----------  --------------  -------------------
/opt/airflow/dags/dynamic_api_trigger.py     79  0.02s             0           1  0.21s           2025-02-25T19:42:04
================================================================================
[2025-02-25T19:43:05.338+0000] {manager.py:879} INFO -
================================================================================
DAG File Processing Stats

File Path                                   PID  Runtime      # DAGs    # Errors  Last Runtime    Last Run
----------------------------------------  -----  ---------  --------  ----------  --------------  -------------------
/opt/airflow/dags/dynamic_api_trigger.py     86  0.01s             0           1  0.07s           2025-02-25T19:42:35
================================================================================
[2025-02-25T19:43:35.646+0000] {manager.py:879} INFO -
================================================================================
DAG File Processing Stats

File Path                                   PID  Runtime      # DAGs    # Errors  Last Runtime    Last Run
----------------------------------------  -----  ---------  --------  ----------  --------------  -------------------
/opt/airflow/dags/dynamic_api_trigger.py     93  0.01s             0           1  0.04s           2025-02-25T19:43:05
================================================================================
[2025-02-25T19:44:06.128+0000] {manager.py:879} INFO -
================================================================================
DAG File Processing Stats

File Path                                 PID    Runtime      # DAGs    # Errors  Last Runtime    Last Run
----------------------------------------  -----  ---------  --------  ----------  --------------  -------------------
/opt/airflow/dags/dynamic_api_trigger.py                           1           0  0.26s           2025-02-25T19:43:46
================================================================================
[2025-02-25T19:44:36.436+0000] {manager.py:879} INFO -
================================================================================
DAG File Processing Stats

File Path                                 PID    Runtime      # DAGs    # Errors  Last Runtime    Last Run
----------------------------------------  -----  ---------  --------  ----------  --------------  -------------------
/opt/airflow/dags/dynamic_api_trigger.py                           1           0  0.12s           2025-02-25T19:44:16
================================================================================
[2025-02-25T19:44:41.587+0000] {manager.py:451} INFO - Exiting gracefully upon receiving signal 15
[2025-02-25T19:44:57.723+0000] {manager.py:469} INFO - Processing files using up to 2 processes at a time
[2025-02-25T19:44:57.723+0000] {manager.py:470} INFO - Process each file at most once every 30 seconds
[2025-02-25T19:44:57.723+0000] {manager.py:471} INFO - Checking for new files in /opt/airflow/dags every 300 seconds
[2025-02-25T19:44:57.723+0000] {manager.py:738} INFO - Searching for files in /opt/airflow/dags
[2025-02-25T19:44:57.725+0000] {manager.py:741} INFO - There are 1 files in /opt/airflow/dags
[2025-02-25T19:44:57.855+0000] {manager.py:879} INFO -
================================================================================
DAG File Processing Stats

File Path                                   PID  Runtime      # DAGs    # Errors  Last Runtime    Last Run
----------------------------------------  -----  ---------  --------  ----------  --------------  ----------
/opt/airflow/dags/dynamic_api_trigger.py     71  0.01s             0           0
================================================================================
[2025-02-25T19:45:28.156+0000] {manager.py:879} INFO -
================================================================================
DAG File Processing Stats

File Path                                   PID  Runtime      # DAGs    # Errors  Last Runtime    Last Run
----------------------------------------  -----  ---------  --------  ----------  --------------  -------------------
/opt/airflow/dags/dynamic_api_trigger.py     83  0.01s             1           0  0.11s           2025-02-25T19:44:57
================================================================================
[2025-02-25T19:45:58.554+0000] {manager.py:879} INFO -
================================================================================
DAG File Processing Stats

File Path                                   PID  Runtime      # DAGs    # Errors  Last Runtime    Last Run
----------------------------------------  -----  ---------  --------  ----------  --------------  -------------------
/opt/airflow/dags/dynamic_api_trigger.py     90  0.01s             1           0  0.09s           2025-02-25T19:45:28
================================================================================
[2025-02-25T19:46:28.911+0000] {manager.py:879} INFO -
================================================================================
DAG File Processing Stats

File Path                                   PID  Runtime      # DAGs    # Errors  Last Runtime    Last Run
----------------------------------------  -----  ---------  --------  ----------  --------------  -------------------
/opt/airflow/dags/dynamic_api_trigger.py     97  0.00s             1           0  0.10s           2025-02-25T19:45:58
================================================================================
[2025-02-25T19:46:59.269+0000] {manager.py:879} INFO -
================================================================================
DAG File Processing Stats

File Path                                   PID  Runtime      # DAGs    # Errors  Last Runtime    Last Run
----------------------------------------  -----  ---------  --------  ----------  --------------  -------------------
/opt/airflow/dags/dynamic_api_trigger.py    104  0.01s             1           0  0.10s           2025-02-25T19:46:29
================================================================================
[2025-02-25T19:47:09.479+0000] {manager.py:451} INFO - Exiting gracefully upon receiving signal 15
[2025-02-25T19:47:26.335+0000] {manager.py:469} INFO - Processing files using up to 2 processes at a time
[2025-02-25T19:47:26.336+0000] {manager.py:470} INFO - Process each file at most once every 30 seconds
[2025-02-25T19:47:26.336+0000] {manager.py:471} INFO - Checking for new files in /opt/airflow/dags every 300 seconds
[2025-02-25T19:47:26.336+0000] {manager.py:738} INFO - Searching for files in /opt/airflow/dags
[2025-02-25T19:47:26.338+0000] {manager.py:741} INFO - There are 1 files in /opt/airflow/dags
[2025-02-25T19:47:26.523+0000] {manager.py:879} INFO -
================================================================================
DAG File Processing Stats

File Path                                   PID  Runtime      # DAGs    # Errors  Last Runtime    Last Run
----------------------------------------  -----  ---------  --------  ----------  --------------  ----------
/opt/airflow/dags/dynamic_api_trigger.py     71  0.01s             0           0
================================================================================
[2025-02-25T19:47:56.826+0000] {manager.py:879} INFO -
================================================================================
DAG File Processing Stats

File Path                                 PID    Runtime      # DAGs    # Errors  Last Runtime    Last Run
----------------------------------------  -----  ---------  --------  ----------  --------------  -------------------
/opt/airflow/dags/dynamic_api_trigger.py                          54           0  0.47s           2025-02-25T19:47:26
================================================================================
[2025-02-25T19:48:27.621+0000] {manager.py:879} INFO -
================================================================================
DAG File Processing Stats

File Path                                 PID    Runtime      # DAGs    # Errors  Last Runtime    Last Run
----------------------------------------  -----  ---------  --------  ----------  --------------  -------------------
/opt/airflow/dags/dynamic_api_trigger.py                          56           0  1.08s           2025-02-25T19:48:25
================================================================================
[2025-02-25T19:48:57.999+0000] {manager.py:879} INFO -
================================================================================
DAG File Processing Stats

File Path                                 PID    Runtime      # DAGs    # Errors  Last Runtime    Last Run
----------------------------------------  -----  ---------  --------  ----------  --------------  -------------------
/opt/airflow/dags/dynamic_api_trigger.py                          56           0  0.24s           2025-02-25T19:48:56
================================================================================
[2025-02-25T19:49:11.335+0000] {manager.py:451} INFO - Exiting gracefully upon receiving signal 15
[2025-02-25T19:49:27.397+0000] {manager.py:469} INFO - Processing files using up to 2 processes at a time
[2025-02-25T19:49:27.397+0000] {manager.py:470} INFO - Process each file at most once every 30 seconds
[2025-02-25T19:49:27.397+0000] {manager.py:471} INFO - Checking for new files in /opt/airflow/dags every 300 seconds
[2025-02-25T19:49:27.397+0000] {manager.py:738} INFO - Searching for files in /opt/airflow/dags
[2025-02-25T19:49:27.398+0000] {manager.py:741} INFO - There are 1 files in /opt/airflow/dags
[2025-02-25T19:49:27.544+0000] {manager.py:879} INFO -
================================================================================
DAG File Processing Stats

File Path                                   PID  Runtime      # DAGs    # Errors  Last Runtime    Last Run
----------------------------------------  -----  ---------  --------  ----------  --------------  ----------
/opt/airflow/dags/dynamic_api_trigger.py     72  0.01s             0           0
================================================================================
[2025-02-25T19:49:57.811+0000] {manager.py:879} INFO -
================================================================================
DAG File Processing Stats

File Path                                 PID    Runtime      # DAGs    # Errors  Last Runtime    Last Run
----------------------------------------  -----  ---------  --------  ----------  --------------  -------------------
/opt/airflow/dags/dynamic_api_trigger.py                          56           0  0.45s           2025-02-25T19:49:27
================================================================================
[2025-02-25T19:50:17.808+0000] {manager.py:451} INFO - Exiting gracefully upon receiving signal 15
